<?xml version="1.0" encoding="UTF-8"?>
<coverage generated="1618258875025" clover="3.2.0">
  <project timestamp="1618258875025" name="All files">
    <metrics statements="222" coveredstatements="122" conditionals="55" coveredconditionals="20" methods="53" coveredmethods="21" elements="330" coveredelements="163" complexity="0" loc="222" ncloc="222" packages="6" files="13" classes="13"/>
    <package name="components">
      <metrics statements="119" coveredstatements="63" conditionals="10" coveredconditionals="1" methods="29" coveredmethods="9"/>
      <file name="DropdownComponent.tsx" path="/Users/scuasqui/Documents/StackBuilders/React/src/components/DropdownComponent.tsx">
        <metrics statements="8" coveredstatements="7" conditionals="0" coveredconditionals="0" methods="3" coveredmethods="2"/>
        <line num="1" count="2" type="stmt"/>
        <line num="2" count="2" type="stmt"/>
        <line num="17" count="2" type="stmt"/>
        <line num="19" count="7" type="stmt"/>
        <line num="20" count="0" type="stmt"/>
        <line num="23" count="7" type="stmt"/>
        <line num="26" count="50" type="stmt"/>
        <line num="32" count="2" type="stmt"/>
      </file>
      <file name="FooterComponent.tsx" path="/Users/scuasqui/Documents/StackBuilders/React/src/components/FooterComponent.tsx">
        <metrics statements="4" coveredstatements="4" conditionals="0" coveredconditionals="0" methods="1" coveredmethods="1"/>
        <line num="1" count="1" type="stmt"/>
        <line num="2" count="1" type="stmt"/>
        <line num="5" count="1" type="stmt"/>
        <line num="17" count="1" type="stmt"/>
      </file>
      <file name="HeaderComponent.tsx" path="/Users/scuasqui/Documents/StackBuilders/React/src/components/HeaderComponent.tsx">
        <metrics statements="12" coveredstatements="12" conditionals="0" coveredconditionals="0" methods="3" coveredmethods="2"/>
        <line num="1" count="1" type="stmt"/>
        <line num="2" count="1" type="stmt"/>
        <line num="3" count="1" type="stmt"/>
        <line num="4" count="1" type="stmt"/>
        <line num="6" count="1" type="stmt"/>
        <line num="7" count="5" type="stmt"/>
        <line num="8" count="5" type="stmt"/>
        <line num="9" count="5" type="stmt"/>
        <line num="10" count="5" type="stmt"/>
        <line num="16" count="5" type="stmt"/>
        <line num="18" count="5" type="stmt"/>
        <line num="45" count="1" type="stmt"/>
      </file>
      <file name="ListboxComponent.tsx" path="/Users/scuasqui/Documents/StackBuilders/React/src/components/ListboxComponent.tsx">
        <metrics statements="6" coveredstatements="6" conditionals="0" coveredconditionals="0" methods="2" coveredmethods="2"/>
        <line num="1" count="2" type="stmt"/>
        <line num="2" count="2" type="stmt"/>
        <line num="6" count="2" type="stmt"/>
        <line num="7" count="3" type="stmt"/>
        <line num="11" count="1" type="stmt"/>
        <line num="21" count="2" type="stmt"/>
      </file>
      <file name="LoginComponent.tsx" path="/Users/scuasqui/Documents/StackBuilders/React/src/components/LoginComponent.tsx">
        <metrics statements="18" coveredstatements="5" conditionals="4" coveredconditionals="0" methods="4" coveredmethods="0"/>
        <line num="1" count="1" type="stmt"/>
        <line num="2" count="1" type="stmt"/>
        <line num="3" count="1" type="stmt"/>
        <line num="5" count="1" type="stmt"/>
        <line num="7" count="0" type="stmt"/>
        <line num="9" count="0" type="stmt"/>
        <line num="10" count="0" type="stmt"/>
        <line num="12" count="0" type="stmt"/>
        <line num="13" count="0" type="stmt"/>
        <line num="15" count="0" type="stmt"/>
        <line num="16" count="0" type="stmt"/>
        <line num="17" count="0" type="cond" truecount="0" falsecount="4"/>
        <line num="18" count="0" type="stmt"/>
        <line num="20" count="0" type="stmt"/>
        <line num="23" count="0" type="stmt"/>
        <line num="32" count="0" type="stmt"/>
        <line num="40" count="0" type="stmt"/>
        <line num="60" count="1" type="stmt"/>
      </file>
      <file name="PlaylistComponent.tsx" path="/Users/scuasqui/Documents/StackBuilders/React/src/components/PlaylistComponent.tsx">
        <metrics statements="42" coveredstatements="24" conditionals="4" coveredconditionals="1" methods="9" coveredmethods="2"/>
        <line num="1" count="1" type="stmt"/>
        <line num="2" count="1" type="stmt"/>
        <line num="3" count="1" type="stmt"/>
        <line num="4" count="1" type="stmt"/>
        <line num="8" count="1" type="stmt"/>
        <line num="9" count="1" type="stmt"/>
        <line num="12" count="1" type="stmt"/>
        <line num="13" count="2" type="stmt"/>
        <line num="18" count="2" type="stmt"/>
        <line num="19" count="2" type="stmt"/>
        <line num="20" count="2" type="stmt"/>
        <line num="22" count="2" type="stmt"/>
        <line num="23" count="2" type="stmt"/>
        <line num="24" count="2" type="stmt"/>
        <line num="25" count="2" type="stmt"/>
        <line num="27" count="2" type="stmt"/>
        <line num="28" count="2" type="stmt"/>
        <line num="29" count="2" type="stmt"/>
        <line num="30" count="2" type="stmt"/>
        <line num="31" count="0" type="stmt"/>
        <line num="37" count="0" type="stmt"/>
        <line num="43" count="2" type="stmt"/>
        <line num="44" count="0" type="cond" truecount="0" falsecount="2"/>
        <line num="45" count="0" type="stmt"/>
        <line num="46" count="0" type="stmt"/>
        <line num="49" count="0" type="stmt"/>
        <line num="54" count="0" type="stmt"/>
        <line num="55" count="0" type="stmt"/>
        <line num="57" count="0" type="stmt"/>
        <line num="59" count="0" type="stmt"/>
        <line num="65" count="0" type="stmt"/>
        <line num="70" count="2" type="stmt"/>
        <line num="71" count="0" type="stmt"/>
        <line num="77" count="2" type="stmt"/>
        <line num="79" count="0" type="stmt"/>
        <line num="80" count="0" type="stmt"/>
        <line num="81" count="0" type="stmt"/>
        <line num="82" count="0" type="stmt"/>
        <line num="83" count="0" type="stmt"/>
        <line num="89" count="0" type="stmt"/>
        <line num="94" count="2" type="stmt"/>
        <line num="128" count="1" type="stmt"/>
      </file>
      <file name="RegisterComponent.tsx" path="/Users/scuasqui/Documents/StackBuilders/React/src/components/RegisterComponent.tsx">
        <metrics statements="29" coveredstatements="5" conditionals="2" coveredconditionals="0" methods="7" coveredmethods="0"/>
        <line num="1" count="1" type="stmt"/>
        <line num="2" count="1" type="stmt"/>
        <line num="4" count="1" type="stmt"/>
        <line num="6" count="1" type="stmt"/>
        <line num="8" count="0" type="stmt"/>
        <line num="10" count="0" type="stmt"/>
        <line num="11" count="0" type="stmt"/>
        <line num="12" count="0" type="stmt"/>
        <line num="13" count="0" type="stmt"/>
        <line num="14" count="0" type="stmt"/>
        <line num="15" count="0" type="stmt"/>
        <line num="18" count="0" type="stmt"/>
        <line num="19" count="0" type="stmt"/>
        <line num="20" count="0" type="stmt"/>
        <line num="21" count="0" type="stmt"/>
        <line num="22" count="0" type="stmt"/>
        <line num="24" count="0" type="stmt"/>
        <line num="25" count="0" type="stmt"/>
        <line num="27" count="0" type="stmt"/>
        <line num="34" count="0" type="cond" truecount="0" falsecount="2"/>
        <line num="35" count="0" type="stmt"/>
        <line num="37" count="0" type="stmt"/>
        <line num="41" count="0" type="stmt"/>
        <line num="51" count="0" type="stmt"/>
        <line num="57" count="0" type="stmt"/>
        <line num="63" count="0" type="stmt"/>
        <line num="71" count="0" type="stmt"/>
        <line num="78" count="0" type="stmt"/>
        <line num="99" count="1" type="stmt"/>
      </file>
    </package>
    <package name="components.modal">
      <metrics statements="18" coveredstatements="17" conditionals="14" coveredconditionals="13" methods="2" coveredmethods="1"/>
      <file name="Modal.style.tsx" path="/Users/scuasqui/Documents/StackBuilders/React/src/components/modal/Modal.style.tsx">
        <metrics statements="7" coveredstatements="7" conditionals="12" coveredconditionals="12" methods="0" coveredmethods="0"/>
        <line num="1" count="1" type="stmt"/>
        <line num="3" count="1" type="cond" truecount="2" falsecount="0"/>
        <line num="12" count="1" type="cond" truecount="2" falsecount="0"/>
        <line num="21" count="1" type="cond" truecount="2" falsecount="0"/>
        <line num="28" count="1" type="cond" truecount="2" falsecount="0"/>
        <line num="34" count="1" type="cond" truecount="2" falsecount="0"/>
        <line num="44" count="1" type="cond" truecount="2" falsecount="0"/>
      </file>
      <file name="Modal.tsx" path="/Users/scuasqui/Documents/StackBuilders/React/src/components/modal/Modal.tsx">
        <metrics statements="11" coveredstatements="10" conditionals="2" coveredconditionals="1" methods="2" coveredmethods="1"/>
        <line num="1" count="1" type="stmt"/>
        <line num="2" count="1" type="stmt"/>
        <line num="3" count="1" type="stmt"/>
        <line num="4" count="1" type="stmt"/>
        <line num="5" count="1" type="stmt"/>
        <line num="6" count="1" type="stmt"/>
        <line num="13" count="5" type="stmt"/>
        <line num="15" count="5" type="stmt"/>
        <line num="18" count="5" type="stmt"/>
        <line num="26" count="0" type="stmt"/>
        <line num="39" count="5" type="cond" truecount="1" falsecount="1"/>
      </file>
    </package>
    <package name="context">
      <metrics statements="13" coveredstatements="5" conditionals="0" coveredconditionals="0" methods="4" coveredmethods="1"/>
      <file name="TokenProvider.tsx" path="/Users/scuasqui/Documents/StackBuilders/React/src/context/TokenProvider.tsx">
        <metrics statements="13" coveredstatements="5" conditionals="0" coveredconditionals="0" methods="4" coveredmethods="1"/>
        <line num="1" count="1" type="stmt"/>
        <line num="2" count="1" type="stmt"/>
        <line num="4" count="1" type="stmt"/>
        <line num="7" count="2" type="stmt"/>
        <line num="10" count="1" type="stmt"/>
        <line num="11" count="0" type="stmt"/>
        <line num="13" count="0" type="stmt"/>
        <line num="14" count="0" type="stmt"/>
        <line num="15" count="0" type="stmt"/>
        <line num="16" count="0" type="stmt"/>
        <line num="19" count="0" type="stmt"/>
        <line num="20" count="0" type="stmt"/>
        <line num="23" count="0" type="stmt"/>
      </file>
    </package>
    <package name="controllers">
      <metrics statements="21" coveredstatements="18" conditionals="4" coveredconditionals="3" methods="6" coveredmethods="5"/>
      <file name="spotifyAPI.controller.ts" path="/Users/scuasqui/Documents/StackBuilders/React/src/controllers/spotifyAPI.controller.ts">
        <metrics statements="21" coveredstatements="18" conditionals="4" coveredconditionals="3" methods="6" coveredmethods="5"/>
        <line num="1" count="2" type="stmt"/>
        <line num="8" count="2" type="stmt"/>
        <line num="12" count="3" type="stmt"/>
        <line num="13" count="3" type="stmt"/>
        <line num="21" count="2" type="stmt"/>
        <line num="23" count="3" type="cond" truecount="1" falsecount="0"/>
        <line num="24" count="1" type="stmt"/>
        <line num="25" count="1" type="stmt"/>
        <line num="28" count="2" type="stmt"/>
        <line num="30" count="1" type="cond" truecount="1" falsecount="0"/>
        <line num="31" count="1" type="stmt"/>
        <line num="32" count="1" type="stmt"/>
        <line num="35" count="2" type="stmt"/>
        <line num="37" count="1" type="cond" truecount="1" falsecount="0"/>
        <line num="38" count="1" type="stmt"/>
        <line num="39" count="1" type="stmt"/>
        <line num="42" count="2" type="stmt"/>
        <line num="43" count="0" type="cond" truecount="0" falsecount="1"/>
        <line num="44" count="0" type="stmt"/>
        <line num="45" count="0" type="stmt"/>
        <line num="47" count="2" type="stmt"/>
      </file>
    </package>
    <package name="services.api-auth">
      <metrics statements="16" coveredstatements="11" conditionals="5" coveredconditionals="3" methods="5" coveredmethods="4"/>
      <file name="spotify-auth.service.ts" path="/Users/scuasqui/Documents/StackBuilders/React/src/services/api-auth/spotify-auth.service.ts">
        <metrics statements="16" coveredstatements="11" conditionals="5" coveredconditionals="3" methods="5" coveredmethods="4"/>
        <line num="1" count="2" type="stmt"/>
        <line num="3" count="2" type="stmt"/>
        <line num="7" count="2" type="stmt"/>
        <line num="8" count="1" type="cond" truecount="1" falsecount="1"/>
        <line num="9" count="1" type="stmt"/>
        <line num="11" count="0" type="cond" truecount="0" falsecount="1"/>
        <line num="14" count="2" type="stmt"/>
        <line num="15" count="1" type="cond" truecount="1" falsecount="0"/>
        <line num="16" count="0" type="stmt"/>
        <line num="17" count="0" type="stmt"/>
        <line num="20" count="2" type="stmt"/>
        <line num="21" count="1" type="cond" truecount="1" falsecount="0"/>
        <line num="29" count="0" type="stmt"/>
        <line num="32" count="2" type="stmt"/>
        <line num="33" count="0" type="stmt"/>
        <line num="35" count="2" type="stmt"/>
      </file>
    </package>
    <package name="services.validations">
      <metrics statements="35" coveredstatements="8" conditionals="22" coveredconditionals="0" methods="7" coveredmethods="1"/>
      <file name="validator.ts" path="/Users/scuasqui/Documents/StackBuilders/React/src/services/validations/validator.ts">
        <metrics statements="35" coveredstatements="8" conditionals="22" coveredconditionals="0" methods="7" coveredmethods="1"/>
        <line num="3" count="1" type="stmt"/>
        <line num="5" count="1" type="stmt"/>
        <line num="6" count="0" type="stmt"/>
        <line num="7" count="0" type="cond" truecount="0" falsecount="2"/>
        <line num="8" count="0" type="stmt"/>
        <line num="10" count="0" type="cond" truecount="0" falsecount="2"/>
        <line num="11" count="0" type="stmt"/>
        <line num="13" count="0" type="stmt"/>
        <line num="16" count="1" type="stmt"/>
        <line num="17" count="0" type="stmt"/>
        <line num="18" count="0" type="cond" truecount="0" falsecount="2"/>
        <line num="19" count="0" type="stmt"/>
        <line num="21" count="0" type="cond" truecount="0" falsecount="2"/>
        <line num="22" count="0" type="stmt"/>
        <line num="24" count="0" type="stmt"/>
        <line num="27" count="1" type="stmt"/>
        <line num="28" count="0" type="stmt"/>
        <line num="29" count="0" type="cond" truecount="0" falsecount="2"/>
        <line num="30" count="0" type="stmt"/>
        <line num="32" count="0" type="cond" truecount="0" falsecount="2"/>
        <line num="33" count="0" type="stmt"/>
        <line num="35" count="0" type="stmt"/>
        <line num="37" count="1" type="stmt"/>
        <line num="38" count="0" type="cond" truecount="0" falsecount="2"/>
        <line num="39" count="0" type="stmt"/>
        <line num="41" count="0" type="stmt"/>
        <line num="43" count="1" type="stmt"/>
        <line num="44" count="0" type="cond" truecount="0" falsecount="2"/>
        <line num="45" count="0" type="stmt"/>
        <line num="47" count="0" type="stmt"/>
        <line num="50" count="1" type="stmt"/>
        <line num="51" count="0" type="cond" truecount="0" falsecount="6"/>
        <line num="52" count="0" type="stmt"/>
        <line num="54" count="0" type="stmt"/>
        <line num="56" count="1" type="stmt"/>
      </file>
    </package>
  </project>
</coverage>
