{"/Users/scuasqui/Documents/StackBuilders/React/src/components/DropdownComponent.tsx": {"path":"/Users/scuasqui/Documents/StackBuilders/React/src/components/DropdownComponent.tsx","statementMap":{"0":{"start":{"line":1,"column":0},"end":{"line":1,"column":43}},"1":{"start":{"line":2,"column":0},"end":{"line":2,"column":39}},"2":{"start":{"line":17,"column":17},"end":{"line":30,"column":1}},"3":{"start":{"line":19,"column":28},"end":{"line":21,"column":5}},"4":{"start":{"line":20,"column":8},"end":{"line":20,"column":38}},"5":{"start":{"line":23,"column":4},"end":{"line":29,"column":null}},"6":{"start":{"line":26,"column":80},"end":{"line":26,"column":137}},"7":{"start":{"line":32,"column":0},"end":{"line":32,"column":24}}},"fnMap":{"0":{"name":"(anonymous_1)","decl":{"start":{"line":17,"column":17},"end":{"line":17,"column":18}},"loc":{"start":{"line":17,"column":37},"end":{"line":30,"column":1}}},"1":{"name":"(anonymous_2)","decl":{"start":{"line":19,"column":28},"end":{"line":19,"column":29}},"loc":{"start":{"line":19,"column":61},"end":{"line":21,"column":5}}},"2":{"name":"(anonymous_3)","decl":{"start":{"line":26,"column":35},"end":{"line":26,"column":36}},"loc":{"start":{"line":26,"column":75},"end":{"line":26,"column":88}}}},"branchMap":{},"s":{"0":2,"1":2,"2":2,"3":7,"4":0,"5":7,"6":50,"7":2},"f":{"0":7,"1":0,"2":50},"b":{}}
,"/Users/scuasqui/Documents/StackBuilders/React/src/components/FooterComponent.tsx": {"path":"/Users/scuasqui/Documents/StackBuilders/React/src/components/FooterComponent.tsx","statementMap":{"0":{"start":{"line":1,"column":0},"end":{"line":1,"column":31}},"1":{"start":{"line":2,"column":0},"end":{"line":2,"column":54}},"2":{"start":{"line":5,"column":4},"end":{"line":15,"column":null}},"3":{"start":{"line":17,"column":1},"end":{"line":17,"column":23}}},"fnMap":{"0":{"name":"Footer","decl":{"start":{"line":4,"column":9},"end":{"line":4,"column":15}},"loc":{"start":{"line":4,"column":15},"end":{"line":16,"column":1}}}},"branchMap":{},"s":{"0":1,"1":1,"2":1,"3":1},"f":{"0":1},"b":{}}
,"/Users/scuasqui/Documents/StackBuilders/React/src/components/HeaderComponent.tsx": {"path":"/Users/scuasqui/Documents/StackBuilders/React/src/components/HeaderComponent.tsx","statementMap":{"0":{"start":{"line":1,"column":0},"end":{"line":1,"column":40}},"1":{"start":{"line":2,"column":0},"end":{"line":2,"column":65}},"2":{"start":{"line":3,"column":0},"end":{"line":3,"column":37}},"3":{"start":{"line":4,"column":0},"end":{"line":4,"column":38}},"4":{"start":{"line":6,"column":15},"end":{"line":44,"column":1}},"5":{"start":{"line":7,"column":21},"end":{"line":14,"column":5}},"6":{"start":{"line":8,"column":38},"end":{"line":8,"column":62}},"7":{"start":{"line":8,"column":22},"end":{"line":8,"column":24}},"8":{"start":{"line":8,"column":34},"end":{"line":8,"column":38}},"9":{"start":{"line":9,"column":23},"end":{"line":9,"column":39}},"10":{"start":{"line":9,"column":29},"end":{"line":9,"column":50}},"11":{"start":{"line":10,"column":8},"end":{"line":13,"column":10}},"12":{"start":{"line":16,"column":32},"end":{"line":16,"column":42}},"13":{"start":{"line":16,"column":19},"end":{"line":16,"column":21}},"14":{"start":{"line":16,"column":27},"end":{"line":16,"column":32}},"15":{"start":{"line":18,"column":4},"end":{"line":43,"column":null}},"16":{"start":{"line":45,"column":1},"end":{"line":45,"column":23}}},"fnMap":{"0":{"name":"(anonymous_6)","decl":{"start":{"line":6,"column":15},"end":{"line":6,"column":null}},"loc":{"start":{"line":6,"column":15},"end":{"line":44,"column":1}}},"1":{"name":"(anonymous_7)","decl":{"start":{"line":7,"column":21},"end":{"line":7,"column":null}},"loc":{"start":{"line":7,"column":21},"end":{"line":14,"column":5}}},"2":{"name":"(anonymous_8)","decl":{"start":{"line":9,"column":23},"end":{"line":9,"column":29}},"loc":{"start":{"line":9,"column":23},"end":{"line":9,"column":39}}}},"branchMap":{},"s":{"0":1,"1":1,"2":1,"3":1,"4":1,"5":5,"6":5,"7":5,"8":5,"9":5,"10":0,"11":5,"12":5,"13":5,"14":5,"15":5,"16":1},"f":{"0":5,"1":5,"2":0},"b":{}}
,"/Users/scuasqui/Documents/StackBuilders/React/src/components/ListboxComponent.tsx": {"path":"/Users/scuasqui/Documents/StackBuilders/React/src/components/ListboxComponent.tsx","statementMap":{"0":{"start":{"line":1,"column":0},"end":{"line":1,"column":26}},"1":{"start":{"line":2,"column":0},"end":{"line":2,"column":57}},"2":{"start":{"line":6,"column":16},"end":{"line":19,"column":1}},"3":{"start":{"line":7,"column":4},"end":{"line":18,"column":6}},"4":{"start":{"line":11,"column":20},"end":{"line":14,"column":null}},"5":{"start":{"line":21,"column":0},"end":{"line":21,"column":23}}},"fnMap":{"0":{"name":"(anonymous_1)","decl":{"start":{"line":6,"column":16},"end":{"line":6,"column":17}},"loc":{"start":{"line":6,"column":31},"end":{"line":19,"column":1}}},"1":{"name":"(anonymous_2)","decl":{"start":{"line":10,"column":34},"end":{"line":10,"column":35}},"loc":{"start":{"line":10,"column":64},"end":{"line":11,"column":21}}}},"branchMap":{},"s":{"0":2,"1":2,"2":2,"3":3,"4":1,"5":2},"f":{"0":3,"1":1},"b":{}}
,"/Users/scuasqui/Documents/StackBuilders/React/src/components/LoginComponent.tsx": {"path":"/Users/scuasqui/Documents/StackBuilders/React/src/components/LoginComponent.tsx","statementMap":{"0":{"start":{"line":1,"column":0},"end":{"line":1,"column":50}},"1":{"start":{"line":2,"column":0},"end":{"line":2,"column":68}},"2":{"start":{"line":3,"column":0},"end":{"line":3,"column":58}},"3":{"start":{"line":5,"column":14},"end":{"line":58,"column":1}},"4":{"start":{"line":7,"column":22},"end":{"line":7,"column":37}},"5":{"start":{"line":9,"column":30},"end":{"line":9,"column":42}},"6":{"start":{"line":9,"column":16},"end":{"line":9,"column":18}},"7":{"start":{"line":9,"column":26},"end":{"line":9,"column":30}},"8":{"start":{"line":10,"column":36},"end":{"line":10,"column":48}},"9":{"start":{"line":10,"column":19},"end":{"line":10,"column":21}},"10":{"start":{"line":10,"column":32},"end":{"line":10,"column":36}},"11":{"start":{"line":12,"column":28},"end":{"line":12,"column":60}},"12":{"start":{"line":13,"column":31},"end":{"line":13,"column":69}},"13":{"start":{"line":15,"column":25},"end":{"line":22,"column":5}},"14":{"start":{"line":16,"column":8},"end":{"line":16,"column":27}},"15":{"start":{"line":17,"column":8},"end":{"line":21,"column":null}},"16":{"start":{"line":18,"column":12},"end":{"line":18,"column":null}},"17":{"start":{"line":20,"column":12},"end":{"line":20,"column":null}},"18":{"start":{"line":23,"column":4},"end":{"line":57,"column":null}},"19":{"start":{"line":32,"column":61},"end":{"line":32,"column":88}},"20":{"start":{"line":40,"column":64},"end":{"line":40,"column":94}},"21":{"start":{"line":60,"column":0},"end":{"line":60,"column":21}}},"fnMap":{"0":{"name":"(anonymous_7)","decl":{"start":{"line":5,"column":14},"end":{"line":5,"column":null}},"loc":{"start":{"line":5,"column":14},"end":{"line":58,"column":1}}},"1":{"name":"(anonymous_8)","decl":{"start":{"line":15,"column":25},"end":{"line":15,"column":26}},"loc":{"start":{"line":15,"column":54},"end":{"line":22,"column":5}}},"2":{"name":"(anonymous_9)","decl":{"start":{"line":32,"column":56},"end":{"line":32,"column":57}},"loc":{"start":{"line":32,"column":58},"end":{"line":32,"column":69}}},"3":{"name":"(anonymous_10)","decl":{"start":{"line":40,"column":59},"end":{"line":40,"column":60}},"loc":{"start":{"line":40,"column":61},"end":{"line":40,"column":75}}}},"branchMap":{"0":{"loc":{"start":{"line":17,"column":8},"end":{"line":21,"column":null}},"type":"if","locations":[{"start":{"line":17,"column":8},"end":{"line":21,"column":null}},{"start":{"line":17,"column":8},"end":{"line":21,"column":null}}]},"1":{"loc":{"start":{"line":17,"column":11},"end":{"line":17,"column":34}},"type":"binary-expr","locations":[{"start":{"line":17,"column":11},"end":{"line":17,"column":34}},{"start":{"line":17,"column":38},"end":{"line":17,"column":64}}]}},"s":{"0":1,"1":1,"2":1,"3":1,"4":0,"5":0,"6":0,"7":0,"8":0,"9":0,"10":0,"11":0,"12":0,"13":0,"14":0,"15":0,"16":0,"17":0,"18":0,"19":0,"20":0,"21":1},"f":{"0":0,"1":0,"2":0,"3":0},"b":{"0":[0,0],"1":[0,0]}}
,"/Users/scuasqui/Documents/StackBuilders/React/src/components/PlaylistComponent.tsx": {"path":"/Users/scuasqui/Documents/StackBuilders/React/src/components/PlaylistComponent.tsx","statementMap":{"0":{"start":{"line":1,"column":0},"end":{"line":1,"column":60}},"1":{"start":{"line":2,"column":0},"end":{"line":2,"column":43}},"2":{"start":{"line":3,"column":0},"end":{"line":3,"column":41}},"3":{"start":{"line":4,"column":0},"end":{"line":4,"column":66}},"4":{"start":{"line":8,"column":0},"end":{"line":8,"column":57}},"5":{"start":{"line":9,"column":0},"end":{"line":9,"column":52}},"6":{"start":{"line":12,"column":17},"end":{"line":126,"column":1}},"7":{"start":{"line":13,"column":43},"end":{"line":17,"column":null}},"8":{"start":{"line":18,"column":25},"end":{"line":18,"column":35}},"9":{"start":{"line":19,"column":36},"end":{"line":19,"column":57}},"10":{"start":{"line":20,"column":4},"end":{"line":20,"column":null}},"11":{"start":{"line":22,"column":30},"end":{"line":22,"column":52}},"12":{"start":{"line":22,"column":16},"end":{"line":22,"column":18}},"13":{"start":{"line":22,"column":26},"end":{"line":22,"column":30}},"14":{"start":{"line":23,"column":40},"end":{"line":23,"column":101}},"15":{"start":{"line":23,"column":21},"end":{"line":23,"column":23}},"16":{"start":{"line":23,"column":36},"end":{"line":23,"column":40}},"17":{"start":{"line":24,"column":36},"end":{"line":24,"column":95}},"18":{"start":{"line":24,"column":19},"end":{"line":24,"column":21}},"19":{"start":{"line":24,"column":32},"end":{"line":24,"column":36}},"20":{"start":{"line":25,"column":32},"end":{"line":25,"column":86}},"21":{"start":{"line":25,"column":17},"end":{"line":25,"column":19}},"22":{"start":{"line":25,"column":28},"end":{"line":25,"column":32}},"23":{"start":{"line":27,"column":4},"end":{"line":40,"column":38}},"24":{"start":{"line":28,"column":8},"end":{"line":38,"column":null}},"25":{"start":{"line":29,"column":60},"end":{"line":29,"column":91}},"26":{"start":{"line":30,"column":12},"end":{"line":35,"column":null}},"27":{"start":{"line":31,"column":16},"end":{"line":34,"column":null}},"28":{"start":{"line":37,"column":12},"end":{"line":37,"column":null}},"29":{"start":{"line":43,"column":28},"end":{"line":68,"column":null}},"30":{"start":{"line":43,"column":45},"end":{"line":68,"column":null}},"31":{"start":{"line":44,"column":8},"end":{"line":47,"column":null}},"32":{"start":{"line":45,"column":12},"end":{"line":45,"column":null}},"33":{"start":{"line":46,"column":12},"end":{"line":46,"column":null}},"34":{"start":{"line":49,"column":8},"end":{"line":52,"column":11}},"35":{"start":{"line":54,"column":8},"end":{"line":66,"column":null}},"36":{"start":{"line":55,"column":18},"end":{"line":55,"column":93}},"37":{"start":{"line":57,"column":12},"end":{"line":63,"column":15}},"38":{"start":{"line":59,"column":16},"end":{"line":62,"column":null}},"39":{"start":{"line":65,"column":12},"end":{"line":65,"column":null}},"40":{"start":{"line":70,"column":28},"end":{"line":75,"column":5}},"41":{"start":{"line":71,"column":8},"end":{"line":74,"column":11}},"42":{"start":{"line":77,"column":26},"end":{"line":92,"column":5}},"43":{"start":{"line":79,"column":8},"end":{"line":79,"column":27}},"44":{"start":{"line":80,"column":8},"end":{"line":90,"column":null}},"45":{"start":{"line":81,"column":40},"end":{"line":81,"column":92}},"46":{"start":{"line":82,"column":12},"end":{"line":87,"column":15}},"47":{"start":{"line":83,"column":16},"end":{"line":86,"column":null}},"48":{"start":{"line":89,"column":12},"end":{"line":89,"column":null}},"49":{"start":{"line":94,"column":4},"end":{"line":125,"column":null}},"50":{"start":{"line":128,"column":0},"end":{"line":128,"column":24}}},"fnMap":{"0":{"name":"(anonymous_21)","decl":{"start":{"line":12,"column":17},"end":{"line":12,"column":null}},"loc":{"start":{"line":12,"column":17},"end":{"line":126,"column":1}}},"1":{"name":"(anonymous_22)","decl":{"start":{"line":27,"column":14},"end":{"line":27,"column":null}},"loc":{"start":{"line":27,"column":14},"end":{"line":40,"column":5}}},"2":{"name":"(anonymous_23)","decl":{"start":{"line":30,"column":37},"end":{"line":30,"column":38}},"loc":{"start":{"line":30,"column":54},"end":{"line":35,"column":13}}},"3":{"name":"(anonymous_24)","decl":{"start":{"line":43,"column":28},"end":{"line":43,"column":35}},"loc":{"start":{"line":43,"column":45},"end":{"line":68,"column":null}}},"4":{"name":"(anonymous_25)","decl":{"start":{"line":43,"column":45},"end":{"line":43,"column":null}},"loc":{"start":{"line":43,"column":45},"end":{"line":68,"column":null}}},"5":{"name":"(anonymous_27)","decl":{"start":{"line":57,"column":36},"end":{"line":57,"column":37}},"loc":{"start":{"line":57,"column":53},"end":{"line":63,"column":13}}},"6":{"name":"(anonymous_28)","decl":{"start":{"line":70,"column":28},"end":{"line":70,"column":29}},"loc":{"start":{"line":70,"column":39},"end":{"line":75,"column":5}}},"7":{"name":"(anonymous_29)","decl":{"start":{"line":77,"column":26},"end":{"line":77,"column":27}},"loc":{"start":{"line":77,"column":39},"end":{"line":92,"column":5}}},"8":{"name":"(anonymous_30)","decl":{"start":{"line":82,"column":37},"end":{"line":82,"column":38}},"loc":{"start":{"line":82,"column":51},"end":{"line":87,"column":13}}}},"branchMap":{"0":{"loc":{"start":{"line":44,"column":8},"end":{"line":47,"column":null}},"type":"if","locations":[{"start":{"line":44,"column":8},"end":{"line":47,"column":null}},{"start":{"line":44,"column":8},"end":{"line":47,"column":null}}]},"1":{"loc":{"start":{"line":123,"column":9},"end":{"line":123,"column":14}},"type":"binary-expr","locations":[{"start":{"line":123,"column":9},"end":{"line":123,"column":14}},{"start":{"line":123,"column":18},"end":{"line":123,"column":29}}]}},"s":{"0":1,"1":1,"2":1,"3":1,"4":1,"5":1,"6":1,"7":2,"8":2,"9":2,"10":2,"11":2,"12":2,"13":2,"14":2,"15":2,"16":2,"17":2,"18":2,"19":2,"20":2,"21":2,"22":2,"23":2,"24":2,"25":2,"26":2,"27":0,"28":0,"29":2,"30":0,"31":0,"32":0,"33":0,"34":0,"35":0,"36":0,"37":0,"38":0,"39":0,"40":2,"41":0,"42":2,"43":0,"44":0,"45":0,"46":0,"47":0,"48":0,"49":2,"50":1},"f":{"0":2,"1":2,"2":0,"3":0,"4":0,"5":0,"6":0,"7":0,"8":0},"b":{"0":[0,0],"1":[2,0]}}
,"/Users/scuasqui/Documents/StackBuilders/React/src/components/RegisterComponent.tsx": {"path":"/Users/scuasqui/Documents/StackBuilders/React/src/components/RegisterComponent.tsx","statementMap":{"0":{"start":{"line":1,"column":0},"end":{"line":1,"column":51}},"1":{"start":{"line":2,"column":0},"end":{"line":2,"column":68}},"2":{"start":{"line":4,"column":0},"end":{"line":4,"column":58}},"3":{"start":{"line":6,"column":17},"end":{"line":97,"column":1}},"4":{"start":{"line":8,"column":22},"end":{"line":8,"column":37}},"5":{"start":{"line":10,"column":30},"end":{"line":10,"column":42}},"6":{"start":{"line":10,"column":16},"end":{"line":10,"column":18}},"7":{"start":{"line":10,"column":26},"end":{"line":10,"column":30}},"8":{"start":{"line":11,"column":36},"end":{"line":11,"column":48}},"9":{"start":{"line":11,"column":19},"end":{"line":11,"column":21}},"10":{"start":{"line":11,"column":32},"end":{"line":11,"column":36}},"11":{"start":{"line":12,"column":28},"end":{"line":12,"column":40}},"12":{"start":{"line":12,"column":15},"end":{"line":12,"column":17}},"13":{"start":{"line":12,"column":24},"end":{"line":12,"column":28}},"14":{"start":{"line":13,"column":36},"end":{"line":13,"column":48}},"15":{"start":{"line":13,"column":19},"end":{"line":13,"column":21}},"16":{"start":{"line":13,"column":32},"end":{"line":13,"column":36}},"17":{"start":{"line":14,"column":60},"end":{"line":14,"column":72}},"18":{"start":{"line":14,"column":31},"end":{"line":14,"column":33}},"19":{"start":{"line":14,"column":56},"end":{"line":14,"column":60}},"20":{"start":{"line":15,"column":32},"end":{"line":15,"column":47}},"21":{"start":{"line":15,"column":17},"end":{"line":15,"column":19}},"22":{"start":{"line":15,"column":28},"end":{"line":15,"column":32}},"23":{"start":{"line":18,"column":27},"end":{"line":18,"column":57}},"24":{"start":{"line":19,"column":31},"end":{"line":19,"column":69}},"25":{"start":{"line":20,"column":28},"end":{"line":20,"column":60}},"26":{"start":{"line":21,"column":31},"end":{"line":21,"column":69}},"27":{"start":{"line":22,"column":43},"end":{"line":22,"column":108}},"28":{"start":{"line":24,"column":25},"end":{"line":39,"column":5}},"29":{"start":{"line":25,"column":8},"end":{"line":25,"column":27}},"30":{"start":{"line":27,"column":29},"end":{"line":32,"column":null}},"31":{"start":{"line":34,"column":8},"end":{"line":38,"column":null}},"32":{"start":{"line":35,"column":12},"end":{"line":35,"column":null}},"33":{"start":{"line":37,"column":12},"end":{"line":37,"column":null}},"34":{"start":{"line":41,"column":4},"end":{"line":96,"column":null}},"35":{"start":{"line":51,"column":64},"end":{"line":51,"column":90}},"36":{"start":{"line":57,"column":68},"end":{"line":57,"column":98}},"37":{"start":{"line":63,"column":65},"end":{"line":63,"column":92}},"38":{"start":{"line":71,"column":68},"end":{"line":71,"column":null}},"39":{"start":{"line":78,"column":80},"end":{"line":78,"column":122}},"40":{"start":{"line":99,"column":0},"end":{"line":99,"column":24}}},"fnMap":{"0":{"name":"(anonymous_7)","decl":{"start":{"line":6,"column":17},"end":{"line":6,"column":null}},"loc":{"start":{"line":6,"column":17},"end":{"line":97,"column":1}}},"1":{"name":"(anonymous_8)","decl":{"start":{"line":24,"column":25},"end":{"line":24,"column":26}},"loc":{"start":{"line":24,"column":54},"end":{"line":39,"column":5}}},"2":{"name":"(anonymous_9)","decl":{"start":{"line":51,"column":59},"end":{"line":51,"column":60}},"loc":{"start":{"line":51,"column":61},"end":{"line":51,"column":71}}},"3":{"name":"(anonymous_10)","decl":{"start":{"line":57,"column":63},"end":{"line":57,"column":64}},"loc":{"start":{"line":57,"column":65},"end":{"line":57,"column":79}}},"4":{"name":"(anonymous_11)","decl":{"start":{"line":63,"column":60},"end":{"line":63,"column":61}},"loc":{"start":{"line":63,"column":62},"end":{"line":63,"column":73}}},"5":{"name":"(anonymous_12)","decl":{"start":{"line":71,"column":63},"end":{"line":71,"column":64}},"loc":{"start":{"line":71,"column":65},"end":{"line":71,"column":79}}},"6":{"name":"(anonymous_13)","decl":{"start":{"line":78,"column":75},"end":{"line":78,"column":76}},"loc":{"start":{"line":78,"column":77},"end":{"line":78,"column":103}}}},"branchMap":{"0":{"loc":{"start":{"line":34,"column":8},"end":{"line":38,"column":null}},"type":"if","locations":[{"start":{"line":34,"column":8},"end":{"line":38,"column":null}},{"start":{"line":34,"column":8},"end":{"line":38,"column":null}}]}},"s":{"0":1,"1":1,"2":1,"3":1,"4":0,"5":0,"6":0,"7":0,"8":0,"9":0,"10":0,"11":0,"12":0,"13":0,"14":0,"15":0,"16":0,"17":0,"18":0,"19":0,"20":0,"21":0,"22":0,"23":0,"24":0,"25":0,"26":0,"27":0,"28":0,"29":0,"30":0,"31":0,"32":0,"33":0,"34":0,"35":0,"36":0,"37":0,"38":0,"39":0,"40":1},"f":{"0":0,"1":0,"2":0,"3":0,"4":0,"5":0,"6":0},"b":{"0":[0,0]}}
,"/Users/scuasqui/Documents/StackBuilders/React/src/components/modal/Modal.style.tsx": {"path":"/Users/scuasqui/Documents/StackBuilders/React/src/components/modal/Modal.style.tsx","statementMap":{"0":{"start":{"line":1,"column":0},"end":{"line":1,"column":39}},"1":{"start":{"line":3,"column":13},"end":{"line":11,"column":2}},"2":{"start":{"line":12,"column":13},"end":{"line":20,"column":2}},"3":{"start":{"line":21,"column":13},"end":{"line":27,"column":2}},"4":{"start":{"line":28,"column":13},"end":{"line":33,"column":2}},"5":{"start":{"line":34,"column":13},"end":{"line":43,"column":2}},"6":{"start":{"line":44,"column":13},"end":{"line":50,"column":2}}},"fnMap":{},"branchMap":{"0":{"loc":{"start":{"line":3,"column":33},"end":{"line":3,"column":null}},"type":"binary-expr","locations":[{"start":{"line":3,"column":33},"end":{"line":3,"column":null}},{"start":{"line":3,"column":33},"end":{"line":11,"column":2}}]},"1":{"loc":{"start":{"line":12,"column":34},"end":{"line":12,"column":null}},"type":"binary-expr","locations":[{"start":{"line":12,"column":34},"end":{"line":12,"column":null}},{"start":{"line":12,"column":34},"end":{"line":20,"column":2}}]},"2":{"loc":{"start":{"line":21,"column":37},"end":{"line":21,"column":null}},"type":"binary-expr","locations":[{"start":{"line":21,"column":37},"end":{"line":21,"column":null}},{"start":{"line":21,"column":37},"end":{"line":27,"column":2}}]},"3":{"loc":{"start":{"line":28,"column":32},"end":{"line":28,"column":null}},"type":"binary-expr","locations":[{"start":{"line":28,"column":32},"end":{"line":28,"column":null}},{"start":{"line":28,"column":32},"end":{"line":33,"column":2}}]},"4":{"loc":{"start":{"line":34,"column":40},"end":{"line":34,"column":null}},"type":"binary-expr","locations":[{"start":{"line":34,"column":40},"end":{"line":34,"column":null}},{"start":{"line":34,"column":40},"end":{"line":43,"column":2}}]},"5":{"loc":{"start":{"line":44,"column":33},"end":{"line":44,"column":null}},"type":"binary-expr","locations":[{"start":{"line":44,"column":33},"end":{"line":44,"column":null}},{"start":{"line":44,"column":33},"end":{"line":50,"column":2}}]}},"s":{"0":1,"1":1,"2":1,"3":1,"4":1,"5":1,"6":1},"f":{},"b":{"0":[1,1],"1":[1,1],"2":[1,1],"3":[1,1],"4":[1,1],"5":[1,1]}}
,"/Users/scuasqui/Documents/StackBuilders/React/src/components/modal/Modal.tsx": {"path":"/Users/scuasqui/Documents/StackBuilders/React/src/components/modal/Modal.tsx","statementMap":{"0":{"start":{"line":1,"column":0},"end":{"line":1,"column":59}},"1":{"start":{"line":2,"column":0},"end":{"line":2,"column":44}},"2":{"start":{"line":3,"column":0},"end":{"line":3,"column":33}},"3":{"start":{"line":4,"column":0},"end":{"line":4,"column":38}},"4":{"start":{"line":5,"column":0},"end":{"line":5,"column":44}},"5":{"start":{"line":6,"column":0},"end":{"line":6,"column":93}},"6":{"start":{"line":13,"column":52},"end":{"line":40,"column":1}},"7":{"start":{"line":13,"column":62},"end":{"line":13,"column":64}},"8":{"start":{"line":13,"column":68},"end":{"line":13,"column":70}},"9":{"start":{"line":15,"column":24},"end":{"line":15,"column":41}},"10":{"start":{"line":15,"column":12},"end":{"line":15,"column":14}},"11":{"start":{"line":15,"column":20},"end":{"line":15,"column":24}},"12":{"start":{"line":18,"column":4},"end":{"line":36,"column":null}},"13":{"start":{"line":26,"column":78},"end":{"line":26,"column":null}},"14":{"start":{"line":39,"column":2},"end":{"line":39,"column":70}},"15":{"start":{"line":13,"column":13},"end":{"line":13,"column":52}}},"fnMap":{"0":{"name":"(anonymous_7)","decl":{"start":{"line":13,"column":52},"end":{"line":13,"column":53}},"loc":{"start":{"line":13,"column":70},"end":{"line":40,"column":1}}},"1":{"name":"(anonymous_8)","decl":{"start":{"line":26,"column":72},"end":{"line":26,"column":73}},"loc":{"start":{"line":26,"column":74},"end":{"line":26,"column":84}}}},"branchMap":{"0":{"loc":{"start":{"line":39,"column":19},"end":{"line":39,"column":62}},"type":"cond-expr","locations":[{"start":{"line":39,"column":19},"end":{"line":39,"column":62}},{"start":{"line":39,"column":65},"end":{"line":39,"column":69}}]}},"s":{"0":1,"1":1,"2":1,"3":1,"4":1,"5":1,"6":1,"7":5,"8":5,"9":5,"10":5,"11":5,"12":5,"13":0,"14":5,"15":1},"f":{"0":5,"1":0},"b":{"0":[0,5]}}
,"/Users/scuasqui/Documents/StackBuilders/React/src/context/TokenProvider.tsx": {"path":"/Users/scuasqui/Documents/StackBuilders/React/src/context/TokenProvider.tsx","statementMap":{"0":{"start":{"line":1,"column":0},"end":{"line":1,"column":78}},"1":{"start":{"line":2,"column":0},"end":{"line":2,"column":68}},"2":{"start":{"line":4,"column":13},"end":{"line":4,"column":54}},"3":{"start":{"line":7,"column":24},"end":{"line":7,"column":47}},"4":{"start":{"line":7,"column":37},"end":{"line":7,"column":62}},"5":{"start":{"line":7,"column":13},"end":{"line":7,"column":24}},"6":{"start":{"line":10,"column":38},"end":{"line":28,"column":1}},"7":{"start":{"line":10,"column":48},"end":{"line":10,"column":49}},"8":{"start":{"line":11,"column":29},"end":{"line":11,"column":49}},"9":{"start":{"line":11,"column":16},"end":{"line":11,"column":17}},"10":{"start":{"line":11,"column":25},"end":{"line":11,"column":29}},"11":{"start":{"line":13,"column":28},"end":{"line":17,"column":null}},"12":{"start":{"line":14,"column":14},"end":{"line":14,"column":58}},"13":{"start":{"line":15,"column":37},"end":{"line":15,"column":55}},"14":{"start":{"line":15,"column":14},"end":{"line":15,"column":null}},"15":{"start":{"line":16,"column":8},"end":{"line":16,"column":null}},"16":{"start":{"line":19,"column":4},"end":{"line":21,"column":null}},"17":{"start":{"line":20,"column":8},"end":{"line":20,"column":null}},"18":{"start":{"line":23,"column":4},"end":{"line":27,"column":null}},"19":{"start":{"line":10,"column":13},"end":{"line":10,"column":38}}},"fnMap":{"0":{"name":"(anonymous_20)","decl":{"start":{"line":7,"column":24},"end":{"line":7,"column":37}},"loc":{"start":{"line":7,"column":24},"end":{"line":7,"column":47}}},"1":{"name":"(anonymous_21)","decl":{"start":{"line":10,"column":38},"end":{"line":10,"column":39}},"loc":{"start":{"line":10,"column":49},"end":{"line":28,"column":1}}},"2":{"name":"(anonymous_22)","decl":{"start":{"line":13,"column":28},"end":{"line":13,"column":null}},"loc":{"start":{"line":13,"column":28},"end":{"line":17,"column":null}}},"3":{"name":"(anonymous_25)","decl":{"start":{"line":19,"column":14},"end":{"line":19,"column":null}},"loc":{"start":{"line":19,"column":14},"end":{"line":21,"column":5}}}},"branchMap":{},"s":{"0":1,"1":1,"2":1,"3":1,"4":2,"5":1,"6":1,"7":0,"8":0,"9":0,"10":0,"11":0,"12":0,"13":0,"14":0,"15":0,"16":0,"17":0,"18":0,"19":1},"f":{"0":2,"1":0,"2":0,"3":0},"b":{}}
,"/Users/scuasqui/Documents/StackBuilders/React/src/controllers/spotifyAPI.controller.ts": {"path":"/Users/scuasqui/Documents/StackBuilders/React/src/controllers/spotifyAPI.controller.ts","statementMap":{"0":{"start":{"line":1,"column":0},"end":{"line":1,"column":60}},"1":{"start":{"line":8,"column":0},"end":{"line":8,"column":13}},"2":{"start":{"line":12,"column":33},"end":{"line":12,"column":46}},"3":{"start":{"line":13,"column":8},"end":{"line":17,"column":null}},"4":{"start":{"line":21,"column":10},"end":{"line":26,"column":null}},"5":{"start":{"line":23,"column":49},"end":{"line":23,"column":null}},"6":{"start":{"line":23,"column":14},"end":{"line":23,"column":null}},"7":{"start":{"line":24,"column":14},"end":{"line":24,"column":79}},"8":{"start":{"line":25,"column":8},"end":{"line":25,"column":26}},"9":{"start":{"line":28,"column":10},"end":{"line":33,"column":null}},"10":{"start":{"line":30,"column":48},"end":{"line":30,"column":null}},"11":{"start":{"line":30,"column":14},"end":{"line":30,"column":null}},"12":{"start":{"line":31,"column":14},"end":{"line":31,"column":76}},"13":{"start":{"line":32,"column":8},"end":{"line":32,"column":25}},"14":{"start":{"line":35,"column":10},"end":{"line":40,"column":null}},"15":{"start":{"line":37,"column":49},"end":{"line":37,"column":null}},"16":{"start":{"line":37,"column":14},"end":{"line":37,"column":null}},"17":{"start":{"line":38,"column":14},"end":{"line":38,"column":53}},"18":{"start":{"line":39,"column":8},"end":{"line":39,"column":22}},"19":{"start":{"line":42,"column":10},"end":{"line":46,"column":null}},"20":{"start":{"line":43,"column":35},"end":{"line":43,"column":null}},"21":{"start":{"line":43,"column":14},"end":{"line":43,"column":null}},"22":{"start":{"line":44,"column":14},"end":{"line":44,"column":60}},"23":{"start":{"line":45,"column":8},"end":{"line":45,"column":22}},"24":{"start":{"line":47,"column":0},"end":{"line":47,"column":null}},"25":{"start":{"line":8,"column":13},"end":{"line":8,"column":23}}},"fnMap":{"0":{"name":"(anonymous_14)","decl":{"start":{"line":8,"column":0},"end":{"line":8,"column":13}},"loc":{"start":{"line":8,"column":0},"end":{"line":47,"column":null}}},"1":{"name":"SpotifyAPI","decl":{"start":{"line":12,"column":4},"end":{"line":12,"column":33}},"loc":{"start":{"line":12,"column":46},"end":{"line":18,"column":5}}},"2":{"name":"(anonymous_16)","decl":{"start":{"line":21,"column":4},"end":{"line":21,"column":10}},"loc":{"start":{"line":21,"column":4},"end":{"line":26,"column":null}}},"3":{"name":"(anonymous_19)","decl":{"start":{"line":28,"column":4},"end":{"line":28,"column":10}},"loc":{"start":{"line":28,"column":48},"end":{"line":33,"column":null}}},"4":{"name":"(anonymous_22)","decl":{"start":{"line":35,"column":4},"end":{"line":35,"column":10}},"loc":{"start":{"line":35,"column":39},"end":{"line":40,"column":null}}},"5":{"name":"(anonymous_25)","decl":{"start":{"line":42,"column":4},"end":{"line":42,"column":10}},"loc":{"start":{"line":42,"column":49},"end":{"line":46,"column":null}}}},"branchMap":{"0":{"loc":{"start":{"line":23,"column":49},"end":{"line":23,"column":null}},"type":"switch","locations":[{"start":{"line":23,"column":49},"end":{"line":23,"column":null}}]},"1":{"loc":{"start":{"line":30,"column":48},"end":{"line":30,"column":null}},"type":"switch","locations":[{"start":{"line":30,"column":48},"end":{"line":30,"column":null}}]},"2":{"loc":{"start":{"line":37,"column":49},"end":{"line":37,"column":null}},"type":"switch","locations":[{"start":{"line":37,"column":49},"end":{"line":37,"column":null}}]},"3":{"loc":{"start":{"line":43,"column":35},"end":{"line":43,"column":null}},"type":"switch","locations":[{"start":{"line":43,"column":35},"end":{"line":43,"column":null}}]}},"s":{"0":2,"1":2,"2":3,"3":3,"4":2,"5":3,"6":1,"7":1,"8":1,"9":2,"10":1,"11":1,"12":1,"13":1,"14":2,"15":1,"16":1,"17":1,"18":1,"19":2,"20":0,"21":0,"22":0,"23":0,"24":2,"25":2},"f":{"0":2,"1":3,"2":3,"3":1,"4":1,"5":0},"b":{"0":[3],"1":[1],"2":[1],"3":[0]}}
,"/Users/scuasqui/Documents/StackBuilders/React/src/services/api-auth/spotify-auth.service.ts": {"path":"/Users/scuasqui/Documents/StackBuilders/React/src/services/api-auth/spotify-auth.service.ts","statementMap":{"0":{"start":{"line":1,"column":0},"end":{"line":1,"column":45}},"1":{"start":{"line":3,"column":0},"end":{"line":3,"column":null}},"2":{"start":{"line":7,"column":24},"end":{"line":12,"column":null}},"3":{"start":{"line":8,"column":11},"end":{"line":8,"column":12}},"4":{"start":{"line":9,"column":12},"end":{"line":9,"column":36}},"5":{"start":{"line":11,"column":8},"end":{"line":11,"column":29}},"6":{"start":{"line":14,"column":25},"end":{"line":18,"column":null}},"7":{"start":{"line":15,"column":37},"end":{"line":15,"column":null}},"8":{"start":{"line":15,"column":14},"end":{"line":15,"column":null}},"9":{"start":{"line":16,"column":8},"end":{"line":16,"column":42}},"10":{"start":{"line":17,"column":8},"end":{"line":17,"column":49}},"11":{"start":{"line":20,"column":25},"end":{"line":30,"column":null}},"12":{"start":{"line":21,"column":44},"end":{"line":28,"column":null}},"13":{"start":{"line":21,"column":14},"end":{"line":28,"column":null}},"14":{"start":{"line":29,"column":8},"end":{"line":29,"column":null}},"15":{"start":{"line":32,"column":4},"end":{"line":34,"column":null}},"16":{"start":{"line":33,"column":8},"end":{"line":33,"column":33}},"17":{"start":{"line":35,"column":0},"end":{"line":35,"column":null}}},"fnMap":{"0":{"name":"(anonymous_14)","decl":{"start":{"line":3,"column":0},"end":{"line":3,"column":null}},"loc":{"start":{"line":3,"column":0},"end":{"line":35,"column":null}}},"1":{"name":"(anonymous_16)","decl":{"start":{"line":7,"column":4},"end":{"line":7,"column":24}},"loc":{"start":{"line":7,"column":4},"end":{"line":12,"column":null}}},"2":{"name":"(anonymous_19)","decl":{"start":{"line":14,"column":4},"end":{"line":14,"column":25}},"loc":{"start":{"line":14,"column":4},"end":{"line":18,"column":null}}},"3":{"name":"(anonymous_22)","decl":{"start":{"line":20,"column":4},"end":{"line":20,"column":25}},"loc":{"start":{"line":20,"column":4},"end":{"line":30,"column":null}}},"4":{"name":"(anonymous_25)","decl":{"start":{"line":32,"column":4},"end":{"line":32,"column":8}},"loc":{"start":{"line":32,"column":4},"end":{"line":34,"column":5}}}},"branchMap":{"0":{"loc":{"start":{"line":11,"column":8},"end":{"line":11,"column":29}},"type":"switch","locations":[{"start":{"line":11,"column":8},"end":{"line":11,"column":29}}]},"1":{"loc":{"start":{"line":8,"column":11},"end":{"line":8,"column":12}},"type":"if","locations":[{"start":{"line":8,"column":11},"end":{"line":8,"column":12}},{"start":{"line":8,"column":11},"end":{"line":8,"column":12}}]},"2":{"loc":{"start":{"line":15,"column":37},"end":{"line":15,"column":null}},"type":"switch","locations":[{"start":{"line":15,"column":37},"end":{"line":15,"column":null}}]},"3":{"loc":{"start":{"line":21,"column":44},"end":{"line":28,"column":null}},"type":"switch","locations":[{"start":{"line":21,"column":44},"end":{"line":28,"column":null}}]}},"s":{"0":2,"1":2,"2":2,"3":1,"4":1,"5":0,"6":2,"7":1,"8":0,"9":0,"10":0,"11":2,"12":1,"13":0,"14":0,"15":2,"16":0,"17":2},"f":{"0":2,"1":1,"2":1,"3":1,"4":0},"b":{"0":[0],"1":[0,1],"2":[1],"3":[1]}}
,"/Users/scuasqui/Documents/StackBuilders/React/src/services/validations/validator.ts": {"path":"/Users/scuasqui/Documents/StackBuilders/React/src/services/validations/validator.ts","statementMap":{"0":{"start":{"line":3,"column":0},"end":{"line":3,"column":null}},"1":{"start":{"line":5,"column":4},"end":{"line":14,"column":null}},"2":{"start":{"line":6,"column":22},"end":{"line":6,"column":35}},"3":{"start":{"line":7,"column":8},"end":{"line":9,"column":null}},"4":{"start":{"line":8,"column":12},"end":{"line":8,"column":24}},"5":{"start":{"line":10,"column":8},"end":{"line":12,"column":null}},"6":{"start":{"line":11,"column":12},"end":{"line":11,"column":null}},"7":{"start":{"line":13,"column":8},"end":{"line":13,"column":45}},"8":{"start":{"line":16,"column":4},"end":{"line":25,"column":null}},"9":{"start":{"line":17,"column":22},"end":{"line":17,"column":35}},"10":{"start":{"line":18,"column":8},"end":{"line":20,"column":null}},"11":{"start":{"line":19,"column":12},"end":{"line":19,"column":24}},"12":{"start":{"line":21,"column":8},"end":{"line":23,"column":null}},"13":{"start":{"line":22,"column":12},"end":{"line":22,"column":null}},"14":{"start":{"line":24,"column":8},"end":{"line":24,"column":50}},"15":{"start":{"line":27,"column":4},"end":{"line":36,"column":null}},"16":{"start":{"line":28,"column":22},"end":{"line":28,"column":92}},"17":{"start":{"line":29,"column":8},"end":{"line":31,"column":null}},"18":{"start":{"line":30,"column":12},"end":{"line":30,"column":24}},"19":{"start":{"line":32,"column":8},"end":{"line":34,"column":null}},"20":{"start":{"line":33,"column":12},"end":{"line":33,"column":39}},"21":{"start":{"line":35,"column":8},"end":{"line":35,"column":44}},"22":{"start":{"line":37,"column":4},"end":{"line":42,"column":null}},"23":{"start":{"line":38,"column":8},"end":{"line":40,"column":null}},"24":{"start":{"line":39,"column":12},"end":{"line":39,"column":56}},"25":{"start":{"line":41,"column":8},"end":{"line":41,"column":20}},"26":{"start":{"line":43,"column":4},"end":{"line":48,"column":null}},"27":{"start":{"line":44,"column":8},"end":{"line":46,"column":null}},"28":{"start":{"line":45,"column":12},"end":{"line":45,"column":null}},"29":{"start":{"line":47,"column":8},"end":{"line":47,"column":20}},"30":{"start":{"line":50,"column":4},"end":{"line":55,"column":null}},"31":{"start":{"line":51,"column":8},"end":{"line":53,"column":null}},"32":{"start":{"line":52,"column":12},"end":{"line":52,"column":24}},"33":{"start":{"line":54,"column":8},"end":{"line":54,"column":21}},"34":{"start":{"line":56,"column":0},"end":{"line":56,"column":null}}},"fnMap":{"0":{"name":"(anonymous_0)","decl":{"start":{"line":3,"column":0},"end":{"line":3,"column":null}},"loc":{"start":{"line":3,"column":0},"end":{"line":56,"column":null}}},"1":{"name":"(anonymous_2)","decl":{"start":{"line":5,"column":4},"end":{"line":5,"column":18}},"loc":{"start":{"line":5,"column":31},"end":{"line":14,"column":5}}},"2":{"name":"(anonymous_3)","decl":{"start":{"line":16,"column":4},"end":{"line":16,"column":22}},"loc":{"start":{"line":16,"column":39},"end":{"line":25,"column":5}}},"3":{"name":"(anonymous_4)","decl":{"start":{"line":27,"column":4},"end":{"line":27,"column":19}},"loc":{"start":{"line":27,"column":32},"end":{"line":36,"column":5}}},"4":{"name":"(anonymous_5)","decl":{"start":{"line":37,"column":4},"end":{"line":37,"column":22}},"loc":{"start":{"line":37,"column":38},"end":{"line":42,"column":5}}},"5":{"name":"(anonymous_6)","decl":{"start":{"line":43,"column":4},"end":{"line":43,"column":28}},"loc":{"start":{"line":43,"column":73},"end":{"line":48,"column":5}}},"6":{"name":"(anonymous_7)","decl":{"start":{"line":50,"column":4},"end":{"line":50,"column":18}},"loc":{"start":{"line":50,"column":28},"end":{"line":55,"column":5}}}},"branchMap":{"0":{"loc":{"start":{"line":7,"column":8},"end":{"line":9,"column":null}},"type":"if","locations":[{"start":{"line":7,"column":8},"end":{"line":9,"column":null}},{"start":{"line":7,"column":8},"end":{"line":9,"column":null}}]},"1":{"loc":{"start":{"line":10,"column":8},"end":{"line":12,"column":null}},"type":"if","locations":[{"start":{"line":10,"column":8},"end":{"line":12,"column":null}},{"start":{"line":10,"column":8},"end":{"line":12,"column":null}}]},"2":{"loc":{"start":{"line":18,"column":8},"end":{"line":20,"column":null}},"type":"if","locations":[{"start":{"line":18,"column":8},"end":{"line":20,"column":null}},{"start":{"line":18,"column":8},"end":{"line":20,"column":null}}]},"3":{"loc":{"start":{"line":21,"column":8},"end":{"line":23,"column":null}},"type":"if","locations":[{"start":{"line":21,"column":8},"end":{"line":23,"column":null}},{"start":{"line":21,"column":8},"end":{"line":23,"column":null}}]},"4":{"loc":{"start":{"line":29,"column":8},"end":{"line":31,"column":null}},"type":"if","locations":[{"start":{"line":29,"column":8},"end":{"line":31,"column":null}},{"start":{"line":29,"column":8},"end":{"line":31,"column":null}}]},"5":{"loc":{"start":{"line":32,"column":8},"end":{"line":34,"column":null}},"type":"if","locations":[{"start":{"line":32,"column":8},"end":{"line":34,"column":null}},{"start":{"line":32,"column":8},"end":{"line":34,"column":null}}]},"6":{"loc":{"start":{"line":38,"column":8},"end":{"line":40,"column":null}},"type":"if","locations":[{"start":{"line":38,"column":8},"end":{"line":40,"column":null}},{"start":{"line":38,"column":8},"end":{"line":40,"column":null}}]},"7":{"loc":{"start":{"line":44,"column":8},"end":{"line":46,"column":null}},"type":"if","locations":[{"start":{"line":44,"column":8},"end":{"line":46,"column":null}},{"start":{"line":44,"column":8},"end":{"line":46,"column":null}}]},"8":{"loc":{"start":{"line":51,"column":8},"end":{"line":53,"column":null}},"type":"if","locations":[{"start":{"line":51,"column":8},"end":{"line":53,"column":null}},{"start":{"line":51,"column":8},"end":{"line":53,"column":null}}]},"9":{"loc":{"start":{"line":51,"column":11},"end":{"line":51,"column":41}},"type":"binary-expr","locations":[{"start":{"line":51,"column":11},"end":{"line":51,"column":41}},{"start":{"line":51,"column":43},"end":{"line":51,"column":81}},{"start":{"line":51,"column":83},"end":{"line":51,"column":115}},{"start":{"line":51,"column":117},"end":{"line":51,"column":155}}]}},"s":{"0":1,"1":1,"2":0,"3":0,"4":0,"5":0,"6":0,"7":0,"8":1,"9":0,"10":0,"11":0,"12":0,"13":0,"14":0,"15":1,"16":0,"17":0,"18":0,"19":0,"20":0,"21":0,"22":1,"23":0,"24":0,"25":0,"26":1,"27":0,"28":0,"29":0,"30":1,"31":0,"32":0,"33":0,"34":1},"f":{"0":1,"1":0,"2":0,"3":0,"4":0,"5":0,"6":0},"b":{"0":[0,0],"1":[0,0],"2":[0,0],"3":[0,0],"4":[0,0],"5":[0,0],"6":[0,0],"7":[0,0],"8":[0,0],"9":[0,0,0,0]}}
}
