TN:
SF:src/components/DropdownComponent.tsx
FN:17,(anonymous_1)
FN:19,(anonymous_2)
FN:26,(anonymous_3)
FNF:3
FNH:2
FNDA:7,(anonymous_1)
FNDA:0,(anonymous_2)
FNDA:50,(anonymous_3)
DA:1,2
DA:2,2
DA:17,2
DA:19,7
DA:20,0
DA:23,7
DA:26,50
DA:32,2
LF:8
LH:7
BRF:0
BRH:0
end_of_record
TN:
SF:src/components/FooterComponent.tsx
FN:4,Footer
FNF:1
FNH:1
FNDA:1,Footer
DA:1,1
DA:2,1
DA:5,1
DA:17,1
LF:4
LH:4
BRF:0
BRH:0
end_of_record
TN:
SF:src/components/HeaderComponent.tsx
FN:6,(anonymous_6)
FN:7,(anonymous_7)
FN:9,(anonymous_8)
FNF:3
FNH:2
FNDA:5,(anonymous_6)
FNDA:5,(anonymous_7)
FNDA:0,(anonymous_8)
DA:1,1
DA:2,1
DA:3,1
DA:4,1
DA:6,1
DA:7,5
DA:8,5
DA:9,5
DA:10,5
DA:16,5
DA:18,5
DA:45,1
LF:12
LH:12
BRF:0
BRH:0
end_of_record
TN:
SF:src/components/ListboxComponent.tsx
FN:6,(anonymous_1)
FN:10,(anonymous_2)
FNF:2
FNH:2
FNDA:3,(anonymous_1)
FNDA:1,(anonymous_2)
DA:1,2
DA:2,2
DA:6,2
DA:7,3
DA:11,1
DA:21,2
LF:6
LH:6
BRF:0
BRH:0
end_of_record
TN:
SF:src/components/LoginComponent.tsx
FN:5,(anonymous_7)
FN:15,(anonymous_8)
FN:32,(anonymous_9)
FN:40,(anonymous_10)
FNF:4
FNH:0
FNDA:0,(anonymous_7)
FNDA:0,(anonymous_8)
FNDA:0,(anonymous_9)
FNDA:0,(anonymous_10)
DA:1,1
DA:2,1
DA:3,1
DA:5,1
DA:7,0
DA:9,0
DA:10,0
DA:12,0
DA:13,0
DA:15,0
DA:16,0
DA:17,0
DA:18,0
DA:20,0
DA:23,0
DA:32,0
DA:40,0
DA:60,1
LF:18
LH:5
BRDA:17,0,0,0
BRDA:17,0,1,0
BRDA:17,1,0,0
BRDA:17,1,1,0
BRF:4
BRH:0
end_of_record
TN:
SF:src/components/PlaylistComponent.tsx
FN:12,(anonymous_21)
FN:27,(anonymous_22)
FN:30,(anonymous_23)
FN:43,(anonymous_24)
FN:43,(anonymous_25)
FN:57,(anonymous_27)
FN:70,(anonymous_28)
FN:77,(anonymous_29)
FN:82,(anonymous_30)
FNF:9
FNH:2
FNDA:2,(anonymous_21)
FNDA:2,(anonymous_22)
FNDA:0,(anonymous_23)
FNDA:0,(anonymous_24)
FNDA:0,(anonymous_25)
FNDA:0,(anonymous_27)
FNDA:0,(anonymous_28)
FNDA:0,(anonymous_29)
FNDA:0,(anonymous_30)
DA:1,1
DA:2,1
DA:3,1
DA:4,1
DA:8,1
DA:9,1
DA:12,1
DA:13,2
DA:18,2
DA:19,2
DA:20,2
DA:22,2
DA:23,2
DA:24,2
DA:25,2
DA:27,2
DA:28,2
DA:29,2
DA:30,2
DA:31,0
DA:37,0
DA:43,2
DA:44,0
DA:45,0
DA:46,0
DA:49,0
DA:54,0
DA:55,0
DA:57,0
DA:59,0
DA:65,0
DA:70,2
DA:71,0
DA:77,2
DA:79,0
DA:80,0
DA:81,0
DA:82,0
DA:83,0
DA:89,0
DA:94,2
DA:128,1
LF:42
LH:24
BRDA:44,0,0,0
BRDA:44,0,1,0
BRDA:123,1,0,2
BRDA:123,1,1,0
BRF:4
BRH:1
end_of_record
TN:
SF:src/components/RegisterComponent.tsx
FN:6,(anonymous_7)
FN:24,(anonymous_8)
FN:51,(anonymous_9)
FN:57,(anonymous_10)
FN:63,(anonymous_11)
FN:71,(anonymous_12)
FN:78,(anonymous_13)
FNF:7
FNH:0
FNDA:0,(anonymous_7)
FNDA:0,(anonymous_8)
FNDA:0,(anonymous_9)
FNDA:0,(anonymous_10)
FNDA:0,(anonymous_11)
FNDA:0,(anonymous_12)
FNDA:0,(anonymous_13)
DA:1,1
DA:2,1
DA:4,1
DA:6,1
DA:8,0
DA:10,0
DA:11,0
DA:12,0
DA:13,0
DA:14,0
DA:15,0
DA:18,0
DA:19,0
DA:20,0
DA:21,0
DA:22,0
DA:24,0
DA:25,0
DA:27,0
DA:34,0
DA:35,0
DA:37,0
DA:41,0
DA:51,0
DA:57,0
DA:63,0
DA:71,0
DA:78,0
DA:99,1
LF:29
LH:5
BRDA:34,0,0,0
BRDA:34,0,1,0
BRF:2
BRH:0
end_of_record
TN:
SF:src/components/modal/Modal.style.tsx
FNF:0
FNH:0
DA:1,1
DA:3,1
DA:12,1
DA:21,1
DA:28,1
DA:34,1
DA:44,1
LF:7
LH:7
BRDA:3,0,0,1
BRDA:3,0,1,1
BRDA:12,1,0,1
BRDA:12,1,1,1
BRDA:21,2,0,1
BRDA:21,2,1,1
BRDA:28,3,0,1
BRDA:28,3,1,1
BRDA:34,4,0,1
BRDA:34,4,1,1
BRDA:44,5,0,1
BRDA:44,5,1,1
BRF:12
BRH:12
end_of_record
TN:
SF:src/components/modal/Modal.tsx
FN:13,(anonymous_7)
FN:26,(anonymous_8)
FNF:2
FNH:1
FNDA:5,(anonymous_7)
FNDA:0,(anonymous_8)
DA:1,1
DA:2,1
DA:3,1
DA:4,1
DA:5,1
DA:6,1
DA:13,5
DA:15,5
DA:18,5
DA:26,0
DA:39,5
LF:11
LH:10
BRDA:39,0,0,0
BRDA:39,0,1,5
BRF:2
BRH:1
end_of_record
TN:
SF:src/context/TokenProvider.tsx
FN:7,(anonymous_20)
FN:10,(anonymous_21)
FN:13,(anonymous_22)
FN:19,(anonymous_25)
FNF:4
FNH:1
FNDA:2,(anonymous_20)
FNDA:0,(anonymous_21)
FNDA:0,(anonymous_22)
FNDA:0,(anonymous_25)
DA:1,1
DA:2,1
DA:4,1
DA:7,2
DA:10,1
DA:11,0
DA:13,0
DA:14,0
DA:15,0
DA:16,0
DA:19,0
DA:20,0
DA:23,0
LF:13
LH:5
BRF:0
BRH:0
end_of_record
TN:
SF:src/controllers/spotifyAPI.controller.ts
FN:8,(anonymous_14)
FN:12,SpotifyAPI
FN:21,(anonymous_16)
FN:28,(anonymous_19)
FN:35,(anonymous_22)
FN:42,(anonymous_25)
FNF:6
FNH:5
FNDA:2,(anonymous_14)
FNDA:3,SpotifyAPI
FNDA:3,(anonymous_16)
FNDA:1,(anonymous_19)
FNDA:1,(anonymous_22)
FNDA:0,(anonymous_25)
DA:1,2
DA:8,2
DA:12,3
DA:13,3
DA:21,2
DA:23,3
DA:24,1
DA:25,1
DA:28,2
DA:30,1
DA:31,1
DA:32,1
DA:35,2
DA:37,1
DA:38,1
DA:39,1
DA:42,2
DA:43,0
DA:44,0
DA:45,0
DA:47,2
LF:21
LH:18
BRDA:23,0,0,3
BRDA:30,1,0,1
BRDA:37,2,0,1
BRDA:43,3,0,0
BRF:4
BRH:3
end_of_record
TN:
SF:src/services/api-auth/spotify-auth.service.ts
FN:3,(anonymous_14)
FN:7,(anonymous_16)
FN:14,(anonymous_19)
FN:20,(anonymous_22)
FN:32,(anonymous_25)
FNF:5
FNH:4
FNDA:2,(anonymous_14)
FNDA:1,(anonymous_16)
FNDA:1,(anonymous_19)
FNDA:1,(anonymous_22)
FNDA:0,(anonymous_25)
DA:1,2
DA:3,2
DA:7,2
DA:8,1
DA:9,1
DA:11,0
DA:14,2
DA:15,1
DA:16,0
DA:17,0
DA:20,2
DA:21,1
DA:29,0
DA:32,2
DA:33,0
DA:35,2
LF:16
LH:11
BRDA:11,0,0,0
BRDA:8,1,0,0
BRDA:8,1,1,1
BRDA:15,2,0,1
BRDA:21,3,0,1
BRF:5
BRH:3
end_of_record
TN:
SF:src/services/validations/validator.ts
FN:3,(anonymous_0)
FN:5,(anonymous_2)
FN:16,(anonymous_3)
FN:27,(anonymous_4)
FN:37,(anonymous_5)
FN:43,(anonymous_6)
FN:50,(anonymous_7)
FNF:7
FNH:1
FNDA:1,(anonymous_0)
FNDA:0,(anonymous_2)
FNDA:0,(anonymous_3)
FNDA:0,(anonymous_4)
FNDA:0,(anonymous_5)
FNDA:0,(anonymous_6)
FNDA:0,(anonymous_7)
DA:3,1
DA:5,1
DA:6,0
DA:7,0
DA:8,0
DA:10,0
DA:11,0
DA:13,0
DA:16,1
DA:17,0
DA:18,0
DA:19,0
DA:21,0
DA:22,0
DA:24,0
DA:27,1
DA:28,0
DA:29,0
DA:30,0
DA:32,0
DA:33,0
DA:35,0
DA:37,1
DA:38,0
DA:39,0
DA:41,0
DA:43,1
DA:44,0
DA:45,0
DA:47,0
DA:50,1
DA:51,0
DA:52,0
DA:54,0
DA:56,1
LF:35
LH:8
BRDA:7,0,0,0
BRDA:7,0,1,0
BRDA:10,1,0,0
BRDA:10,1,1,0
BRDA:18,2,0,0
BRDA:18,2,1,0
BRDA:21,3,0,0
BRDA:21,3,1,0
BRDA:29,4,0,0
BRDA:29,4,1,0
BRDA:32,5,0,0
BRDA:32,5,1,0
BRDA:38,6,0,0
BRDA:38,6,1,0
BRDA:44,7,0,0
BRDA:44,7,1,0
BRDA:51,8,0,0
BRDA:51,8,1,0
BRDA:51,9,0,0
BRDA:51,9,1,0
BRDA:51,9,2,0
BRDA:51,9,3,0
BRF:22
BRH:0
end_of_record
